73041
70228
69943
27257
0
58297
48694
0
51022
33784
48597
71877
48888
78861
0
74690
83905
93639
11252
25220
21631
45881
93605
49858
388
36085
75854
51313
20952
33265
14550
14127
0
68579
93120
93120
9506
87591
34323
24248
71784
45784
53835
29294
63375
45105
43068
0
13095
58588
14162
11737
8342
78279
30199
47126
54708
24056
40449
85360
93023
0
62177
46463
1154
28940
65960
5893
0
45978
93508
99134
66154
12998
83517
9894
40449
970
40449
98067
59752
62080
58491
0
66833
87106
90307
10185
55193
40061
68870
84624
58839
49664
74496
5044
64208
76630
4462
13968
26582
29197
47627
76630
33950
46891
7760
64214
54223
40158
6499
873
64893
54967
4965
62274
0
99716
77212
3783
86718
65729
77018
37442
0
679
4365
42971
55193
24852
61498
50634
49276
51992
65281
42583
28809
10767
41904
14938
0
2147
33174
57036
85554
66154
62080
0
38994
57909
71004
62163
13580
53156
39872
83109
80219
679
53738
0
89749
77697
65475
63729
22504
29585
7954
81460
93993
42971
74247
85457
33271
64069
98067
7081
83808
32398
28496
42583
99619
96515
97291
0
54320
19788
0
18721
92732
0
59073
26977
51313
18139
26675
0
79055
0
52574
23765
92247
68191
60625
53031
27451
47239
88561
85166
87300
74884
62274
2037
87300
36278
47142
14259
0
87688
42098
389
0
60334
63236
47433
67027
21340
22795
22698
60568
48015
1746
99328
40643
6499
0
67894
16005
0
0
47374
56551
27837
74787
14356
58588
73914
58297
35599
74302
69568
45784
0
99231
22795
21049
41710
17104
89589
95351
970
43165
41322
63438
0
0
38315
48500
84196
1772
85457
71586
16878
74302
46075
78085
28712
25123
31234
0
17654
91956
58103
36181
94090
31428
15229
74981
50149
88852
28906
0
61176
43165
48209
45885
65378
72265
15035
40158
19269
0
0
14259
46075
93314
50537
60431
66251
42001
32107
64893
55290
71295
69515
0
0
10185
40486
87106
70713
0
55581
20758
68385
91078
873
873
88173
33950
11349
20952
15423
63826
1649
26384
72071
24638
12040
59461
79928
57875
70810
34338
3395
80607
81480
34338
9700
10767
30943
49256
19400
26384
20661
74302
27548
54805
70131
54126
7765
82256
2619
43844
3686
27257
83905
92441
59752
42874
29585
69258
86233
0
14356
0
55193
6984
68385
7857
61860
9312
37442
86129
89628
0
0
80219
0
59364
49761
67706
91083
36957
15326
65715
75078
89337
64020
0
53350
52186
95351
15908
39673
25775
99716
78861
77891
34435
0
42081
11446
0
15908
71198
0
6305
47724
0
8148
70713
25317
89725
42680
82741
28615
86136
85429
54223
0
0
43836
0
59364
79055
69355
48209
99716
67027
96807
51992
77794
88666
80162
71877
0
22116
63826
0
37054
24056
90695
66154
75078
52962
27837
0
35987
39867
12293
91137
95157
54417
79637
66930
54514
0
35793
79249
33756
90210
91568
89434
0
16684
74787
25123
45008
90986
30846
39479
62588
13871
72750
27839
55969
39867
53331
9118
55193
32301
49082
69937
77018
55096
24250
0
3395
61013
70907
65572
61207
21865
57036
14453
18818
82480
16296
82353
43359
45978
0
15714
40934
40352
68676
1649
36375
17945
32980
63923
45396
55775
0
0
40061
50343
57736
26966
18042
0
56357
98455
7275
64796
0
0
54126
3674
63147
11834
93217
7751
85845
82062
77324
26287
2522
23474
90598
0
42486
36278
46269
70519
30846
0
23377
4947
4656
26966
43069
9991
63923
40546
98649
83905
46657
69646
0
97
53156
4074
96097
19885
85263
18527
55775
14393
41128
78836
64990
0
74108
31913
11640
46384
69064
53544
50622
42971
11155
60722
59752
12167
76644
58006
62565
6596
97030
72140
45590
11127
0
51410
24056
1067
30749
10185
5432
3686
46948
76436
46851
92247
36375
17527
46754
0
33659
66251
0
69161
5141
54320
78107
30070
21437
26772
76436
76339
0
10185
24832
76242
98455
48403
0
7469
13095
1843
83808
62005
47239
99907
48209
36375
87106
94478
8827
37054
54577
0
26730
39770
64117
66397
6305
31719
0
92635
31331
40575
85166
16516
84196
21340
19594
58767
89697
64408
5044
28426
48306
20661
0
4656
18333
34047
0
59364
43747
53544
0
90210
0
78376
93896
2684
62759
3201
92053
81286
0
28421
45125
90404
46366
41240
33368
5141
21825
97873
0
39188
27548
16199
54999
24056
74011
0
47239
29488
83226
0
14259
76725
55775
40061
29973
0
18233
82159
90307
0
4365
50433
44232
80413
36566
51604
13580
93799
65184
0
68870
13968
16587
25220
59849
50925
0
0
22166
29876
88076
22698
28712
63826
39867
41516
24638
91374
0
53156
0
41904
78182
26481
98649
75757
68870
91349
92829
0
38509
70131
38703
59170
92732
25511
37345
61602
36020
63438
54708
91890
87397
0
81189
0
39091
0
23728
99813
48209
0
6887
18139
79972
2813
61013
85166
29488
84196
0
71877
97970
8924
74973
15908
22989
63826
79249
33174
51550
27839
9985
38606
30361
36375
0
41516
85651
69840
33465
67900
50537
63923
81189
50343
32204
2425
92732
61983
3686
64879
16335
13289
776
0
83226
26675
43165
0
79055
835
83420
54029
55581
85554
91374
84487
92926
7469
52186
22407
42195
6208
49858
41613
78279
75660
28712
41807
33659
54417
0
73235
0
30479
75175
12707
20952
19788
63050
96127
86233
21825
90501
34629
51992
86233
82062
25996
23183
52671
38597
7954
60722
35890
20446
79249
0
81092
5894
97000
56648
0
0
32010
64311
15811
37248
36569
22795
15520
3492
46217
79152
64602
8245
73138
86330
39091
29391
73623
30107
9312
30749
75660
77794
89240
91665
84487
6402
62122
21728
86233
54514
99134
2619
58103
81965
29003
11640
0
6111
9506
43068
40934
93285
44538
65773
32592
36278
61692
67318
48791
0
29682
56648
28324
58297
77212
20952
22585
14065
34337
64990
11640
0
50634
96321
90808
13722
92970
49761
12319
56353
35987
21825
97362
37636
33950
21728
72265
5723
30749
51550
77115
92538
9700
47142
21146
24541
56939
75563
0
95933
1940
83420
51992
0
98552
67124
0
65863
27548
77309
54320
82159
13633
10379
43650
68288
13774
91180
85942
31525
