81737
37264
24904
47138
30070
11553
90963
84875
6398
78951
76723
12826
64383
10458
27260
50731
87688
69937
31532
29329
78196
65031
41356
60528
88762
78554
28772
57230
97212
94284
87688
1164
4359
73200
27075
30070
1467
85364
20467
30070
21916
5723
58976
41388
41356
39479
78933
12350
46299
46473
95955
41513
58494
22476
96705
30824
71245
69937
5723
43303
2987
87363
5917
42040
84875
21453
5917
13580
2063
6398
4508
58469
30070
73129
48222
42777
68475
25853
24628
45524
26964
56244
8342
8513
75951
6111
23978
41031
35685
6111
79540
84875
49786
27909
33174
14592
50731
29445
58536
98843
70678
75951
66190
20889
58976
33004
47195
79239
12319
72148
5917
55104
6817
8342
72929
87688
35685
99738
39479
41201
80220
24904
94284
84875
33174
97020
87688
58136
47138
54207
35656
47138
93896
52671
93896
759
58494
69937
50731
5723
28710
23284
63320
91665
5917
80440
91665
21905
87688
60227
52181
84773
86427
86427
28762
58469
75951
55686
60429
81737
98954
78196
1164
1793
42777
84875
17266
55905
25669
97946
78091
11072
74271
98843
81301
8326
76029
45637
54181
72443
45800
80880
27798
88230
41031
39780
30070
67399
72276
54189
72424
55104
48222
70678
79540
32077
23277
98843
97944
89261
28599
23735
44102
76730
21949
82638
29911
92718
1164
2795
51838
37385
85308
44405
49276
47336
42525
98843
35285
29911
50731
21905
86427
53534
79660
98214
56470
70562
42540
17266
41388
71117
33817
98843
72747
15849
90430
55834
27060
64351
52812
38913
94284
52475
47336
57230
70012
41031
43575
10458
16702
48222
41031
29329
5843
79540
61098
5917
89895
8017
93244
60528
6111
42777
95652
54207
19135
78196
50731
94891
66784
85308
733
59021
17266
57230
84875
3915
45818
95652
78091
46738
93896
60528
80209
22955
30929
30070
79540
67758
71408
94284
5917
15234
98843
66833
24471
95955
84875
99578
54483
88230
27859
4355
39018
81013
40986
67585
47336
66833
39780
10746
65207
18480
94090
17266
63291
93917
9580
12319
48169
59946
89932
71939
22955
20855
7019
17266
47336
35816
94090
30070
78933
27260
71939
49410
5917
23284
57230
66833
49276
66833
94090
49276
72209
5802
70096
2023
98843
51838
19737
100006
33174
58494
47586
33758
78091
9580
39479
44321
67773
5843
11135
98870
96705
64153
69078
84875
91665
47336
1831
52181
95979
21363
8342
86427
54916
7653
52671
76723
21056
79152
88454
77053
76063
48169
24149
77052
71235
20768
42777
27564
52421
55290
99985
39479
82741
46299
40975
54916
72929
44135
85285
78091
75951
69937
49276
2795
11319
82741
41471
1164
58766
81301
12319
84875
82741
27564
68315
55872
98954
61094
94891
57230
87688
70678
9044
14722
52671
37264
8342
91681
17266
28068
13580
4355
15132
41356
66023
98843
47826
1164
54355
47336
28599
30070
30070
60528
44135
89932
1633
23944
86873
19135
41241
96756
60429
56470
33174
69937
8342
91665
1053
30070
12319
12319
13197
88872
51478
35685
57230
54207
5723
79540
44102
84926
41356
59032
60528
4028
1633
78951
47532
79315
15132
70096
66249
13580
8342
21056
33223
1103
50221
20548
33792
14722
63275
20889
17318
15132
9044
67399
6417
44717
33865
2858
39479
42540
33174
57230
91016
4359
5917
65207
12319
35656
91553
78158
78554
30070
86427
66833
21453
17266
11911
1
21652
93917
85957
4359
41031
75951
21849
30824
18846
14722
30070
58976
94283
60528
17266
759
50731
33174
9044
95499
8342
82208
79540
44587
86427
88872
93896
39578
94284
19567
17266
21056
93548
7482
26377
93896
28890
29900
4949
41475
17254
54370
57105
5116
27260
39479
85285
79540
20855
1164
39479
86332
49276
82741
93896
87688
42777
78933
45652
3251
4949
49330
79152
54483
79540
21074
55972
44587
78554
4052
10468
6451
94284
85308
55558
27260
55872
94282
13580
57230
66833
8342
54189
20467
17266
8513
82741
93896
72929
77531
93896
48169
59946
24056
27564
19358
33174
94284
91016
60528
17266
79152
55662
29911
82137
23284
429
79540
44294
45825
91665
6111
33984
28484
45524
55602
67585
24056
93590
80880
95058
41475
69342
24471
20467
57230
88096
94090
41538
35656
65207
9201
20467
27909
58469
97676
87688
86810
39479
88096
77053
18846
98904
94090
19798
45826
30070
60528
93896
74338
41538
84875
50731
57230
71939
29268
37875
27909
72747
24056
84875
77053
62132
85364
86332
28439
32422
91665
96756
78378
8502
84875
56244
8342
80649
24648
76730
79540
1633
5143
58976
1164
33984
64153
64082
20467
44717
44035
57942
21652
99274
72468
79118
71568
41871
6111
5917
19473
28599
17266
57230
88071
5802
80649
41538
53534
5723
82741
86332
6090
97212
33984
84875
12319
58494
29900
54300
44102
88762
49276
43763
4949
84875
44321
97212
4052
55686
47336
11610
41471
22643
91837
14722
33758
44587
93244
28068
60989
19135
94284
24056
71255
41583
42777
55558
30070
87688
49786
40061
33174
12319
37385
47336
33917
1030
6111
13580
14592
71958
11135
60989
51478
97212
72424
17266
46235
12319
55558
87181
1164
49276
50731
33174
27260
26377
17799
42777
5917
13134
14592
41031
78951
66833
62785
50731
17725
21453
72443
44717
29783
55713
47995
13134
17266
74338
71568
26377
4355
30070
91665
88454
52671
81301
87688
44035
55420
45825
59369
15132
76548
35624
26964
54370
36716
15081
66215
60227
82741
95652
63275
24056
30070
62622
17254
84875
88872
49276
53269
95955
58976
70678
92988
4359
1053
52671
5724
29268
17266
35854
66249
55905
58469
74530
30070
82741
55420
58976
52671
6111
82208
2023
60528
49410
55905
11135
27731
89539
58494
91505
1053
1164
19737
78644
2987
63320
54182
76694
24056
78102
41031
49276
4949
63320
93896
39780
1633
20467
69937
77364
71408
19473
18846
55662
14643
82741
91681
20467
12319
20818
75858
91665
3915
27260
94284
90806
57448
47995
42040
21905
50597
9201
15132
54300
5843
95499
43206
15081
70012
148
20467
74530
26964
58424
44035
27995
99578
71408
47195
34976
78644
87688
7505
65523
47532
35925
72947
1793
11072
45826
6111
98904
31026
8342
36294
55290
82689
49276
53534
57230
6111
44449
14722
22476
58424
13580
64722
24648
6817
5917
28772
78933
60528
13580
86427
17266
29445
10075
47336
44449
76548
79152
15081
58976
57230
47336
15132
59820
94646
58619
1864
50597
31507
48529
15132
