0
0
0
5820
0
0
0
0
0
0
0
0
93993
0
0
0
0
0
0
0
0
0
0
0
0
0
0
0
0
0
0
76979
0
0
0
0
0
0
0
0
0
0
17363
0
0
0
89240
0
92790
0
0
96030
0
0
71198
0
0
62371
0
53612
0
0
0
0
0
0
44911
0
0
0
0
0
0
0
23474
0
0
45396
0
0
291
0
0
0
37442
0
0
75757
0
0
0
0
0
0
0
0
0
0
0
0
0
0
0
0
0
0
0
0
0
0
0
0
50731
0
0
0
0
0
0
0
0
0
0
0
0
0
45396
0
0
0
0
0
0
0
0
0
0
18558
0
0
74205
60528
0
0
0
0
0
0
0
0
0
0
0
0
0
0
0
0
0
0
89531
0
0
0
0
0
0
0
0
0
0
0
5695
0
0
0
0
0
0
0
0
0
0
0
0
0
0
0
0
0
0
0
0
94963
42874
0
82935
0
0
15423
0
0
0
0
0
0
0
13386
0
0
0
0
0
0
0
0
0
0
0
0
0
0
0
0
0
0
0
0
0
0
0
0
0
0
0
0
0
0
0
0
0
0
0
0
10310
0
0
0
6014
0
0
0
0
0
0
0
0
0
42292
0
59655
0
17363
0
58588
0
0
0
0
0
0
0
0
0
0
54902
0
28518
0
0
0
0
0
0
0
35211
0
0
0
0
0
0
0
0
0
0
0
0
0
0
0
0
0
0
0
0
6984
0
0
0
57230
0
0
0
0
0
0
0
0
0
0
0
0
0
0
0
0
0
0
65184
0
0
4074
0
0
0
0
0
0
0
0
0
0
0
0
3104
0
0
0
43302
0
19589
0
0
0
0
0
0
0
39867
0
0
0
0
49567
57736
0
0
0
0
0
0
13871
1031
0
0
0
0
0
0
0
0
0
81965
0
0
0
0
2328
0
0
0
0
0
0
0
55290
0
0
0
0
49567
0
85748
0
0
0
0
0
0
46657
0
0
0
0
0
0
0
8248
0
0
0
0
0
0
0
0
0
0
0
0
0
0
90263
0
0
0
0
40209
0
0
0
0
0
0
0
0
0
0
0
0
0
0
0
0
0
0
0
2813
0
0
0
90113
0
0
0
0
66251
0
0
0
0
0
0
0
0
0
0
0
0
0
0
0
0
0
0
0
0
0
0
0
0
0
0
29488
0
0
0
0
0
0
43747
0
0
0
0
0
62080
93896
0
0
0
0
61789
0
40643
0
0
0
0
0
0
0
2463
0
0
0
0
0
0
0
0
24832
0
0
0
21651
0
0
0
0
0
0
0
54708
44911
0
0
0
0
0
0
0
0
0
0
0
0
0
0
0
22795
0
33950
0
0
79152
0
0
0
0
0
0
0
47627
0
71490
0
0
88666
0
0
0
0
0
0
0
0
43302
0
0
0
0
0
0
0
0
0
0
0
0
0
0
0
0
0
0
0
41322
0
0
0
0
0
20855
0
0
0
0
0
0
0
31913
0
0
0
15229
0
0
0
0
0
0
0
0
0
0
0
0
0
0
0
0
0
0
0
0
0
0
0
0
0
0
0
0
0
84542
0
0
70108
0
0
0
0
0
0
0
0
0
10185
0
0
0
0
0
16878
0
0
3093
0
0
0
0
0
0
0
0
39188
15423
0
15465
0
0
0
0
0
0
0
0
0
0
44038
0
0
0
61207
0
0
0
0
0
0
0
0
0
0
0
0
0
0
76294
0
77406
0
0
0
0
0
0
0
0
29100
0
0
0
0
0
0
82256
34823
0
74399
0
0
0
0
0
81941
0
0
18042
0
0
27837
0
0
0
0
0
0
0
30070
0
10379
0
0
18624
0
0
0
0
0
0
0
84487
0
0
50763
0
0
0
0
0
0
0
0
0
0
0
0
0
0
0
0
90792
97582
0
0
0
0
0
0
0
0
0
0
0
0
0
4559
0
0
0
1552
0
0
0
0
0
0
0
0
0
0
0
0
0
0
18818
0
37733
0
0
0
81092
0
56551
0
0
0
0
0
0
32107
0
0
45687
0
0
75466
0
67015
0
0
0
0
0
0
11834
0
0
0
0
0
0
0
0
0
0
0
0
0
0
0
0
0
0
0
0
67015
0
0
19589
0
0
0
0
0
0
0
56648
0
0
0
0
0
0
0
0
0
0
59798
0
0
70713
0
0
0
0
84972
0
8730
0
0
0
0
0
0
89725
0
0
0
0
0
43262
0
22116
0
0
61401
0
0
0
0
80607
0
0
0
0
0
0
0
0
0
0
83711
0
0
0
0
0
0
0
0
0
0
0
0
0
0
0
8730
0
0
0
51410
0
0
0
0
0
0
0
0
0
67015
19691
0
64602
0
0
0
0
0
0
0
0
2910
0
0
0
0
0
12125
0
0
0
0
0
0
