0
0
0
6584
84099
31179
0
0
0
48451
6142
0
30943
0
0
0
60140
0
5815
0
94381
25317
0
0
0
0
0
0
70325
0
12874
37636
65475
33562
0
70677
55193
0
0
0
0
11481
0
0
78863
48888
96736
0
0
0
0
0
17378
0
0
0
82608
17177
71295
0
3201
0
0
0
0
17878
96710
87787
47821
83701
0
0
1
83478
0
0
0
0
0
0
4462
33659
58491
57069
0
42923
0
0
0
93260
11206
36025
0
73332
31972
60385
0
0
0
0
83714
89143
0
0
77697
0
0
27497
0
0
0
0
26675
0
0
0
0
54223
0
51701
84384
72476
0
0
0
0
0
10573
657
71198
77503
42715
0
0
0
0
0
0
0
0
0
84002
14647
33371
56242
0
82353
0
0
80215
33965
72459
0
0
47686
0
63039
0
0
28033
3686
24693
19691
0
0
74981
0
66736
89046
42195
0
98291
71578
0
0
83032
83905
85873
0
0
59749
0
16728
0
83323
80219
66434
0
13386
67041
0
67803
47325
30233
0
0
26587
10379
0
52616
0
79755
0
0
86233
7857
86912
68408
34275
58394
0
0
0
28700
41419
37830
78263
0
0
0
52919
0
44166
0
0
38800
28615
0
69549
0
44523
1140
0
56315
0
0
0
23280
93799
0
78227
89570
0
0
60730
0
2612
86718
0
0
30885
0
0
0
36957
41031
16684
10185
44523
0
11627
46909
0
8307
32650
95739
0
0
2619
71385
0
27852
43398
0
0
0
75412
0
0
0
99100
0
0
0
68455
3977
0
40255
93023
10697
93314
35890
94332
0
0
64689
25608
0
16478
33422
64996
65056
39673
0
0
0
553
84681
0
0
33562
0
0
84002
0
0
0
0
45320
0
0
94284
88288
0
0
0
0
1
43262
95700
0
75507
19594
1
0
97354
0
34435
0
0
31816
0
0
0
0
76048
12513
0
4171
0
24250
13162
0
0
0
0
0
0
46094
0
0
0
0
0
0
95545
0
0
84972
0
43322
84487
20660
97914
7965
44523
51863
6111
11354
92006
0
0
0
0
53207
44934
70531
0
65968
85958
0
30373
0
17201
61110
62881
39025
0
68403
77212
0
0
67803
30943
38093
0
85942
0
0
49441
59946
0
1946
0
48597
91226
0
51992
22571
79152
65378
0
72265
0
0
54611
89396
0
627
0
11931
11022
42112
0
0
0
93980
73434
28270
13580
0
82159
0
8827
25414
1
44188
0
25432
0
0
0
89240
83542
0
0
0
90113
0
0
0
0
0
0
12732
57037
33853
31234
30652
348
0
0
39576
10185
0
3883
49470
90994
0
0
76630
53048
0
93942
0
40290
58200
0
0
88464
35405
0
84681
11931
22116
0
53131
0
0
49761
66291
0
0
56163
0
54359
0
10573
94472
0
46366
0
29973
12684
0
20699
0
19360
0
99269
0
0
36137
0
0
0
97097
0
61368
0
17557
88305
0
0
19224
61207
0
43068
96053
7954
0
0
0
45361
0
0
80219
0
0
53948
0
0
0
0
23765
9409
14288
20273
66614
0
68386
0
52742
0
35987
57634
0
52380
19788
65888
0
0
0
0
0
50360
42583
19012
0
43456
0
0
0
38614
76242
0
82547
0
55096
15908
0
0
0
52380
29070
0
83226
68191
30070
0
0
0
70291
67609
0
0
58073
50409
0
54126
0
11834
87688
98455
0
0
79734
0
0
33347
46366
0
0
0
6688
0
0
26190
0
39616
44239
99522
0
18690
56939
95448
0
0
78982
0
32980
0
89530
42874
74810
0
0
0
18721
53253
68385
62525
0
3745
83808
25442
89831
14476
94666
0
0
90100
20082
48015
6111
0
0
0
0
79637
52094
0
65400
8860
37248
79449
15326
34235
37151
0
0
43209
42777
46811
0
88658
50149
87611
0
53395
0
19675
60140
0
0
0
98358
679
79734
388
15956
0
95642
0
0
0
0
0
5778
0
0
0
0
47012
0
0
0
90856
26481
0
20491
0
0
0
0
31331
0
15423
0
0
0
29391
0
0
0
46244
0
28436
0
61479
0
0
0
0
0
0
59655
0
18286
0
35853
77191
0
0
0
0
0
0
0
0
0
81100
91144
30987
0
0
0
0
0
91824
0
0
14550
0
0
0
0
96806
62080
0
0
0
0
0
0
6790
0
25670
84487
0
0
27839
55745
84449
58103
0
49820
71126
99716
58568
0
40805
0
0
86551
18237
5626
10382
38994
0
0
42970
35902
34920
0
0
0
0
0
32204
9853
0
58006
0
14325
0
0
0
0
30761
19177
0
17654
36959
59684
0
85457
34602
0
99425
0
2910
57162
0
0
38285
35502
0
47627
70805
80219
0
90934
47142
0
321
57672
42213
9797
0
95157
33006
0
12039
0
0
0
0
38994
0
0
0
0
87785
77018
86580
22892
62039
67942
0
4171
52962
86224
0
0
0
0
94017
36408
0
0
0
72847
0
53089
10832
80665
0
84196
0
65087
0
61692
0
76667
0
49664
0
40449
85635
0
0
22467
0
0
62526
53932
49949
75466
0
0
515
0
38218
61141
0
0
0
33872
33563
56198
93217
65665
0
0
19650
0
8121
0
39596
77406
5274
0
13289
0
2477
0
0
43553
68388
79051
0
0
0
0
73138
30286
0
21431
71106
0
48597
21728
0
7275
2425
73914
52385
0
18038
0
0
0
45223
0
0
69064
0
96030
47566
0
82838
0
0
81035
245
40837
0
0
0
38602
0
0
0
0
0
0
55017
37565
50731
