1
100006
1
100006
1
100006
1
100006
1
10309
88667
12371
86605
58766
51551
75262
60830
30929
84543
27836
19590
16495
8249
56704
57737
42270
62892
63921
56706
91758
9280
39177
44226
47630
60528
94219
80954
70700
64264
39964
86752
15414
59752
85716
78116
95972
66124
4656
32949
37571
92053
40067
60949
65756
36551
1940
8484
19142
45881
93613
6499
89103
13185
11640
21753
64022
98261
44549
20855
70228
2489
42971
66951
69743
57521
55746
88561
42001
26934
582
32894
77115
99425
34249
70228
89240
32592
45493
74235
54320
37345
48791
1358
28421
89919
71101
22699
97928
10689
25808
61549
29985
74526
1572
15617
92123
94135
38116
31951
4753
94281
77074
26481
37715
98358
45294
1031
29876
93854
9409
38412
84261
76242
31671
76242
83226
18102
97582
46172
69258
59946
84972
99037
98552
64796
45784
17072
45837
98489
56551
31386
33893
5992
90763
76921
45977
5296
93508
95883
95448
26482
72451
45396
59347
85457
22310
51683
98649
73600
17363
62468
9464
80219
75466
81383
48888
93799
78764
87671
70659
35724
80130
18669
31192
53544
6239
93120
29824
3467
22795
31961
93605
46948
70491
94866
17647
86621
26190
84285
99425
71295
74399
81577
13373
5306
540
64653
48065
28712
20974
94381
0
40936
41904
17483
146
35211
4267
30555
93314
18139
65475
15465
63632
53738
10573
76353
53533
61137
2471
95384
56528
66639
87598
95317
37539
4866
74108
41031
45537
50828
24016
99910
0
46075
16781
24444
32652
15806
42744
97344
9312
25361
36938
0
29414
90695
4392
94866
44523
34871
66251
26772
54902
39382
36375
2917
39203
43608
43090
28712
85566
1341
38024
40255
0
48368
59170
72944
74461
58297
37539
41128
35502
88625
68264
84542
87004
15294
62856
72751
6208
2425
74287
80413
39890
0
74884
31719
25317
9719
94549
1652
37822
65194
44426
82128
0
22698
78829
29391
30264
48597
88561
76727
38121
42785
14496
88666
32074
25608
24638
62447
34726
54417
30518
22989
87528
0
45105
52477
2467
22985
78506
63403
873
75339
99619
51798
0
81868
74404
28615
55969
12416
18042
40845
82838
33756
13163
1031
98746
32025
18818
81788
59267
64117
85942
77309
25610
14434
17526
89805
38972
91277
46075
46269
61498
93263
56842
78279
0
53080
38554
17159
19303
26073
79748
59752
97465
5238
65849
0
39770
23765
81942
4365
4539
40203
54263
35255
66736
11341
0
82547
90307
65378
25185
50561
28538
12110
36999
53932
45364
57715
50052
53447
90695
52186
62949
23569
76048
76824
0
50519
75272
29116
87397
72847
79928
44135
15811
61536
75294
92790
67015
873
65316
49955
3104
36181
3492
83226
33331
60790
59798
70396
61498
92441
11834
17460
58879
3007
78093
52494
0
39178
29078
17363
69662
98649
94073
34241
95642
45498
42199
0
0
42292
33930
32953
45105
6622
12804
39704
13078
1940
0
24744
87106
33230
10767
87009
19206
95739
97776
3201
82480
91759
79476
84196
62145
51992
26093
65184
17460
72053
26725
0
6186
33368
28130
54902
32495
82062
42680
78190
61369
49488
0
8248
31622
12028
66348
19303
51948
78831
61207
52714
0
0
0
12028
53641
30807
59073
12702
41277
12222
53966
0
0
52089
41722
17202
79706
56648
19188
30264
22989
0
0
51550
14964
27451
70785
71198
87203
42777
49082
97776
0
0
90728
82015
67803
70687
66154
24638
388
45493
63943
72170
0
98976
8730
8433
77794
64117
30652
95216
42874
28868
0
0
88561
71489
76824
3007
66154
67467
82547
73332
0
0
0
10185
91471
98649
83420
42874
65378
32883
96914
0
0
0
8148
54611
37345
35793
70189
24178
49469
0
0
0
10310
31622
51022
88610
82233
32984
68676
51410
0
0
46395
29543
23893
14855
68691
27063
43359
92247
10310
2062
52581
44333
47809
70810
19109
15520
40158
8051
90474
0
17527
0
40209
51701
14259
87106
78764
16490
47086
75563
85573
51550
0
0
45202
77115
29973
10961
14162
25593
0
0
0
0
81480
13968
34962
3702
49276
69798
17072
0
0
0
0
66464
13774
28763
72944
64699
66445
0
0
0
0
56705
2813
42106
80457
80995
69452
48888
0
4124
0
91759
43302
35942
89919
46366
82256
87009
43128
0
86604
0
0
78667
61401
73429
2425
81286
44870
0
0
90728
0
0
39479
79346
61207
22213
52543
4560
39178
0
0
0
0
98455
84778
60449
23280
46172
17945
0
0
0
0
24744
10379
14162
73864
85360
89337
0
0
0
0
45364
46395
30070
32398
95254
93702
48015
0
0
13403
0
0
53507
31137
55193
51022
64408
77212
0
0
4124
0
0
99425
71974
56551
59946
70228
10310
0
0
0
0
0
12416
8342
36084
65466
90404
24744
0
0
0
0
0
87397
59170
96179
61304
0
0
0
0
0
0
0
52096
94866
43359
67609
0
0
0
0
0
0
92635
32980
80607
26966
76727
0
0
0
37116
0
93821
33950
873
16587
76533
0
0
0
0
58767
0
0
83905
53059
69355
82062
0
84542
0
0
0
0
0
5626
53156
52089
13081
67015
0
0
0
0
0
0
15520
63345
18236
0
0
0
0
0
0
0
28521
42971
96515
49664
0
0
0
0
0
0
87635
54417
39382
7178
0
0
0
0
0
0
0
0
7760
63341
62177
0
0
0
0
13403
0
0
0
47918
35211
35405
0
38147
12372
0
0
0
0
0
70519
20467
0
0
0
0
0
0
0
0
66639
37151
98918
0
0
0
0
0
0
0
0
64052
47530
41419
0
0
0
0
0
0
0
0
27839
25608
0
0
0
0
0
0
0
0
0
94672
40740
0
0
0
0
0
0
0
0
0
99425
0
0
0
80418
0
0
0
0
0
0
36830
78356
0
0
0
90728
22682
78356
0
0
18830
77988
74232
0
84542
58767
0
60829
0
94852
38147
93799
0
0
86604
74232
64953
0
0
73201
0
54643
22601
0
59798
0
39178
0
97945
0
0
51550
0
30016
