0
0
0
0
0
0
0
0
0
0
0
0
0
0
0
0
0
0
0
0
0
0
0
0
0
0
0
0
0
0
0
0
0
0
99619
0
0
0
0
0
0
0
0
0
0
96903
0
0
0
0
0
0
0
0
0
0
36472
0
0
0
0
0
0
0
81383
0
0
0
86233
0
0
0
0
0
0
0
0
0
0
66736
0
0
63341
0
0
0
0
0
0
0
93023
0
0
0
0
94090
0
0
0
0
0
0
0
0
0
28868
0
0
0
0
0
0
0
0
0
0
37054
0
0
0
0
0
0
0
0
0
0
0
0
0
0
42777
0
0
0
0
0
0
0
0
68967
0
0
0
0
0
0
0
27160
0
0
0
0
0
0
0
0
0
0
0
0
0
0
0
0
0
0
0
0
0
0
0
0
0
0
0
0
0
0
0
0
0
0
86815
0
0
0
0
0
0
0
0
0
0
0
0
0
0
0
0
0
0
0
0
0
0
0
0
61860
0
0
0
0
0
0
0
0
0
0
0
0
0
0
0
0
0
0
0
0
0
0
1843
0
0
0
97388
0
6499
0
0
0
0
0
0
0
0
0
0
53835
0
0
0
0
0
0
0
0
0
0
0
64505
0
0
0
0
0
0
0
0
0
0
0
0
0
0
0
0
0
0
0
11252
0
0
0
0
0
0
0
0
0
0
0
0
0
0
0
0
0
32247
0
0
0
0
0
0
0
0
0
0
0
0
0
10767
0
0
0
7566
0
0
0
0
0
0
0
0
0
0
0
0
0
0
0
0
0
0
0
0
0
0
0
0
0
0
0
0
0
0
0
0
0
0
0
0
0
0
0
0
0
0
0
0
0
0
0
0
0
84196
0
0
0
0
0
0
0
0
0
0
0
0
0
0
39178
0
0
63922
0
45299
0
0
0
0
0
28518
83808
0
0
0
0
0
0
0
0
0
0
0
0
0
0
0
0
0
0
91859
0
0
0
0
0
0
0
0
0
0
0
0
0
0
0
40255
0
0
54029
0
0
0
0
0
0
15520
0
0
0
0
0
0
0
0
0
0
4124
0
0
0
0
0
0
0
0
0
67015
0
0
0
0
0
65984
0
0
0
81674
0
0
0
0
85069
0
0
0
0
98649
0
0
0
0
0
0
0
0
0
0
0
0
0
50634
0
0
0
0
0
0
485
0
0
0
0
0
0
0
0
0
0
0
0
0
0
0
0
15714
0
0
0
0
0
0
44333
0
0
0
0
45396
0
0
0
0
0
0
0
69840
0
0
0
0
0
0
0
0
0
0
0
95254
0
0
0
0
0
0
0
0
0
0
0
27063
0
0
0
0
0
0
0
0
0
45978
0
0
0
0
0
0
0
0
0
0
93993
0
0
0
0
0
0
0
0
0
0
0
0
0
0
0
0
0
0
0
0
0
0
0
0
0
0
0
0
0
0
0
0
0
0
0
0
0
75951
80025
0
0
83517
0
0
0
0
0
0
0
0
0
0
0
0
0
0
0
0
0
0
0
0
79387
34532
0
0
0
0
0
0
0
0
0
0
0
0
0
0
0
0
0
0
0
0
0
0
0
0
0
0
0
0
0
0
0
0
0
0
0
58394
0
35987
0
79055
0
0
0
0
0
0
0
0
0
0
0
0
0
0
45784
0
0
0
0
0
0
0
0
0
0
0
0
0
0
0
0
0
80801
0
0
0
0
0
0
0
0
0
0
0
0
0
0
0
0
0
0
0
0
0
0
0
0
0
0
0
0
0
0
0
65572
0
0
0
27354
0
0
0
0
0
0
0
0
0
0
21340
0
0
0
0
0
0
0
0
0
0
0
0
0
0
0
0
0
0
0
0
0
24744
0
0
0
0
0
0
0
0
0
0
0
0
0
0
36860
0
0
0
0
0
0
0
0
0
0
0
0
0
0
0
0
0
0
74496
0
0
0
0
0
70616
0
0
0
0
0
0
0
0
79637
0
0
0
9118
38121
89628
0
0
0
0
0
0
0
0
0
0
8924
0
0
0
66154
0
0
0
0
0
0
0
0
0
36375
0
0
0
0
0
0
0
0
0
0
0
0
0
0
0
0
0
0
0
0
0
0
0
0
0
0
0
0
0
0
0
0
0
0
0
0
0
0
0
0
0
0
0
0
0
0
0
0
0
0
81449
0
0
0
0
0
0
0
0
0
0
0
10310
0
0
0
0
69743
28868
0
0
0
0
0
0
0
0
0
0
76921
0
0
41240
0
0
0
0
0
52380
0
0
0
0
0
0
10185
0
0
0
0
0
0
0
0
98746
3007
0
0
0
0
0
0
0
0
0
0
0
23474
0
0
0
0
0
0
0
0
0
0
0
0
0
